<?xml version="1.0" encoding="UTF-8"?>
<!-- Generated by org.testng.reporters.JUnitXMLReporter -->
<testsuite ignored="2" hostname="GOPINATH-LAP" failures="0" tests="2" name="Chrome Test" time="1.428" errors="0" timestamp="2023-08-04T12:32:03 IST">
  <testcase classname="execution.Professional" name="@BeforeMethod beforemethod" time="0.506">
    <failure type="java.lang.NoSuchMethodError" message="org.openqa.selenium.chromium.ChromiumDriverCommandExecutor: method &amp;apos;void &amp;lt;init&amp;gt;(org.openqa.selenium.remote.service.DriverService, java.util.Map, org.openqa.selenium.remote.http.ClientConfig)&amp;apos; not found">
      <![CDATA[java.lang.NoSuchMethodError: org.openqa.selenium.chromium.ChromiumDriverCommandExecutor: method 'void <init>(org.openqa.selenium.remote.service.DriverService, java.util.Map, org.openqa.selenium.remote.http.ClientConfig)' not found
at org.openqa.selenium.chrome.ChromeDriver$ChromeDriverCommandExecutor.<init>(ChromeDriver.java:111)
at org.openqa.selenium.chrome.ChromeDriver.generateExecutor(ChromeDriver.java:101)
at org.openqa.selenium.chrome.ChromeDriver.<init>(ChromeDriver.java:87)
at org.openqa.selenium.chrome.ChromeDriver.<init>(ChromeDriver.java:82)
at org.openqa.selenium.chrome.ChromeDriver.<init>(ChromeDriver.java:71)
at base.BrowserFactory.createbrowserInstance(BrowserFactory.java:27)
at base.Testbase.browserinitializationpro(Testbase.java:47)
at execution.Professional.beforemethod(Professional.java:70)
at java.base/java.util.concurrent.ThreadPoolExecutor.runWorker(ThreadPoolExecutor.java:1136)
at java.base/java.util.concurrent.ThreadPoolExecutor$Worker.run(ThreadPoolExecutor.java:635)
at java.base/java.lang.Thread.run(Thread.java:833)
... Removed 14 stack frames]]>
    </failure>
  </testcase> <!-- @BeforeMethod beforemethod -->
  <testcase classname="execution.Professional" name="@AfterMethod aftermethod" time="0.0">
    <skipped/>
  </testcase> <!-- @AfterMethod aftermethod -->
  <testcase classname="execution.Professional" name="@BeforeMethod beforemethod" time="0.0">
    <skipped/>
  </testcase> <!-- @BeforeMethod beforemethod -->
  <testcase classname="execution.Professional" name="@AfterMethod aftermethod" time="0.0">
    <skipped/>
  </testcase> <!-- @AfterMethod aftermethod -->
  <testcase classname="execution.Professional" name="@AfterClass afterclass" time="0.0">
    <skipped/>
  </testcase> <!-- @AfterClass afterclass -->
  <testcase classname="execution.Professional" name="Profileimageuploadtest" time="0.0">
    <skipped/>
  </testcase> <!-- Profileimageuploadtest -->
  <testcase classname="execution.Professional" name="Logoimageuploadtest" time="0.0">
    <skipped/>
  </testcase> <!-- Logoimageuploadtest -->
  <testcase classname="execution.Professional" name="Logintest" time="0.0">
    <ignored/>
  </testcase> <!-- Logintest -->
  <testcase classname="execution.Professional" name="Logininvalidtest" time="0.0">
    <ignored/>
  </testcase> <!-- Logininvalidtest -->
</testsuite> <!-- Chrome Test -->
