<?xml version="1.0" encoding="UTF-8"?>
<!-- Generated by org.testng.reporters.JUnitXMLReporter -->
<testsuite ignored="2" hostname="GOPINATH-LAP" failures="0" tests="2" name="Edge Test" time="1.533" errors="0" timestamp="2023-07-28T17:21:48 IST">
  <testcase classname="execution.Professional" name="@BeforeMethod beforemethod" time="0.599">
    <failure type="java.lang.NoSuchMethodError" message="org.openqa.selenium.chromium.ChromiumDriverCommandExecutor: method &amp;apos;void &amp;lt;init&amp;gt;(org.openqa.selenium.remote.service.DriverService, java.util.Map, org.openqa.selenium.remote.http.ClientConfig)&amp;apos; not found">
      <![CDATA[java.lang.NoSuchMethodError: org.openqa.selenium.chromium.ChromiumDriverCommandExecutor: method 'void <init>(org.openqa.selenium.remote.service.DriverService, java.util.Map, org.openqa.selenium.remote.http.ClientConfig)' not found
at org.openqa.selenium.edge.EdgeDriver$EdgeDriverCommandExecutor.<init>(EdgeDriver.java:83)
at org.openqa.selenium.edge.EdgeDriver.generateExecutor(EdgeDriver.java:73)
at org.openqa.selenium.edge.EdgeDriver.<init>(EdgeDriver.java:59)
at org.openqa.selenium.edge.EdgeDriver.<init>(EdgeDriver.java:55)
at org.openqa.selenium.edge.EdgeDriver.<init>(EdgeDriver.java:47)
at base.BrowserFactory.createbrowserInstance(BrowserFactory.java:45)
at base.Testbase.browserinitializationpro(Testbase.java:47)
at execution.Professional.beforemethod(Professional.java:70)
at java.base/java.util.concurrent.ThreadPoolExecutor.runWorker(ThreadPoolExecutor.java:1136)
at java.base/java.util.concurrent.ThreadPoolExecutor$Worker.run(ThreadPoolExecutor.java:635)
at java.base/java.lang.Thread.run(Thread.java:833)
... Removed 14 stack frames]]>
    </failure>
  </testcase> <!-- @BeforeMethod beforemethod -->
  <testcase classname="execution.Professional" name="@AfterMethod aftermethod" time="0.0">
    <skipped/>
  </testcase> <!-- @AfterMethod aftermethod -->
  <testcase classname="execution.Professional" name="@BeforeMethod beforemethod" time="0.0">
    <skipped/>
  </testcase> <!-- @BeforeMethod beforemethod -->
  <testcase classname="execution.Professional" name="@AfterMethod aftermethod" time="0.0">
    <skipped/>
  </testcase> <!-- @AfterMethod aftermethod -->
  <testcase classname="execution.Professional" name="@AfterClass afterclass" time="0.0">
    <skipped/>
  </testcase> <!-- @AfterClass afterclass -->
  <testcase classname="execution.Professional" name="Profileimageuploadtest" time="0.001">
    <skipped/>
  </testcase> <!-- Profileimageuploadtest -->
  <testcase classname="execution.Professional" name="Logoimageuploadtest" time="0.0">
    <skipped/>
  </testcase> <!-- Logoimageuploadtest -->
  <testcase classname="execution.Professional" name="Logintest" time="0.0">
    <ignored/>
  </testcase> <!-- Logintest -->
  <testcase classname="execution.Professional" name="Logininvalidtest" time="0.0">
    <ignored/>
  </testcase> <!-- Logininvalidtest -->
</testsuite> <!-- Edge Test -->
