<?xml version="1.0" encoding="UTF-8"?>
<!-- Generated by org.testng.reporters.JUnitXMLReporter -->
<testsuite ignored="0" hostname="GOPINATH-LAP" failures="0" tests="9" name="ChromeTest" time="53.382" errors="0" timestamp="2023-03-14T14:50:51 IST">
  <testcase classname="execution.Login" name="Logintest" time="12.174"/>
  <testcase classname="execution.Login" name="Logininvalidtest" time="11.319"/>
  <testcase classname="execution.Login" name="Logininvalidtest" time="11.801"/>
  <testcase classname="execution.Login" name="Logininvalidtest" time="32.174"/>
  <testcase classname="execution.Login" name="Logininvalidtest" time="31.52"/>
  <testcase classname="execution.Login" name="Logininvalidtest" time="31.466"/>
  <testcase classname="execution.Login" name="Logininvalidtest" time="31.616"/>
  <testcase classname="execution.Login" name="Logininvalidtest" time="30.917"/>
  <testcase classname="execution.Login" name="Logininvalidtest" time="30.848"/>
</testsuite> <!-- ChromeTest -->
