<?xml version="1.0" encoding="UTF-8"?>
<!-- Generated by org.testng.reporters.JUnitXMLReporter -->
<testsuite ignored="3" hostname="GOPINATH-LAP" failures="0" tests="1" name="ChromeTest" time="138.588" errors="0" timestamp="2023-05-05T23:28:51 IST">
  <testcase classname="execution.Login" name="Manage_Profession_test" time="114.046"/>
  <testcase classname="execution.Login" name="Add_Client_test" time="0.0">
    <ignored/>
  </testcase> <!-- Add_Client_test -->
  <testcase classname="execution.Login" name="Logintest" time="0.0">
    <ignored/>
  </testcase> <!-- Logintest -->
  <testcase classname="execution.Login" name="Logininvalidtest" time="0.0">
    <ignored/>
  </testcase> <!-- Logininvalidtest -->
</testsuite> <!-- ChromeTest -->
