<?xml version="1.0" encoding="UTF-8"?>
<!-- Generated by org.testng.reporters.JUnitXMLReporter -->
<testsuite ignored="1" hostname="GOPINATH-LAP" failures="0" tests="3" name="Chrome" time="519.468" errors="0" timestamp="2023-05-06T00:25:49 IST">
  <testcase classname="execution.Admin" name="Logintest" time="10.423"/>
  <testcase classname="execution.Admin" name="Add_Client_test" time="164.764"/>
  <testcase classname="execution.Admin" name="Manage_Profession_test" time="115.498"/>
  <testcase classname="execution.Admin" name="Logininvalidtest" time="0.0">
    <ignored/>
  </testcase> <!-- Logininvalidtest -->
</testsuite> <!-- Chrome -->
