<?xml version="1.0" encoding="UTF-8"?>
<!-- Generated by org.testng.reporters.JUnitXMLReporter -->
<testsuite ignored="1" hostname="GOPINATH-LAP" failures="0" tests="3" name="Chrome Browser" time="312.299" errors="0" timestamp="2023-05-18T18:39:14 IST">
  <testcase classname="execution.Admin" name="Logintest" time="10.065"/>
  <testcase classname="execution.Admin" name="Add_Client_test" time="160.493"/>
  <testcase classname="execution.Admin" name="Manage_Profession_test" time="113.761"/>
  <testcase classname="execution.Admin" name="Logininvalidtest" time="0.0">
    <ignored/>
  </testcase> <!-- Logininvalidtest -->
</testsuite> <!-- Chrome Browser -->
