<?xml version="1.0" encoding="UTF-8"?>
<!-- Generated by org.testng.reporters.JUnitXMLReporter -->
<testsuite ignored="1" hostname="GOPINATH-LAP" failures="0" tests="3" name="Edge" time="4.874" errors="0" timestamp="2023-05-05T23:52:18 IST">
  <testcase classname="execution.Admin" name="Logintest" time="0.0">
    <skipped/>
  </testcase> <!-- Logintest -->
  <testcase classname="execution.Admin" name="Add_Client_test" time="0.001">
    <skipped/>
  </testcase> <!-- Add_Client_test -->
  <testcase classname="execution.Admin" name="Manage_Profession_test" time="0.0">
    <skipped/>
  </testcase> <!-- Manage_Profession_test -->
  <testcase classname="execution.Admin" name="Logininvalidtest" time="0.0">
    <ignored/>
  </testcase> <!-- Logininvalidtest -->
</testsuite> <!-- Edge -->
