<?xml version="1.0" encoding="UTF-8"?>
<!-- Generated by org.testng.reporters.JUnitXMLReporter -->
<testsuite ignored="1" hostname="GOPINATH-LAP" failures="0" tests="3" name="Edge Browser" time="322.298" errors="0" timestamp="2023-05-18T18:34:02 IST">
  <testcase classname="execution.Admin" name="Logintest" time="9.74"/>
  <testcase classname="execution.Admin" name="Add_Client_test" time="162.747"/>
  <testcase classname="execution.Admin" name="Manage_Profession_test" time="114.308"/>
  <testcase classname="execution.Admin" name="Logininvalidtest" time="0.0">
    <ignored/>
  </testcase> <!-- Logininvalidtest -->
</testsuite> <!-- Edge Browser -->
