<?xml version="1.0" encoding="UTF-8"?>
<!-- Generated by org.testng.reporters.JUnitXMLReporter -->
<testsuite ignored="1" hostname="GOPINATH-LAP" failures="0" tests="3" name="Firefox Browser" time="321.747" errors="0" timestamp="2023-05-18T18:44:36 IST">
  <testcase classname="execution.Admin" name="Logintest" time="9.768"/>
  <testcase classname="execution.Admin" name="Add_Client_test" time="157.733"/>
  <testcase classname="execution.Admin" name="Manage_Profession_test" time="111.977"/>
  <testcase classname="execution.Admin" name="Logininvalidtest" time="0.0">
    <ignored/>
  </testcase> <!-- Logininvalidtest -->
</testsuite> <!-- Firefox Browser -->
