<?xml version="1.0" encoding="UTF-8"?>
<!-- Generated by org.testng.reporters.JUnitXMLReporter -->
<testsuite ignored="3" hostname="GOPINATH-LAP" failures="0" tests="1" name="Firefox Browser" time="1.308" errors="0" timestamp="2023-07-31T15:52:26 IST">
  <testcase classname="execution.Admin" name="@BeforeMethod beforemethod" time="0.451">
    <failure type="java.lang.NoSuchMethodError" message="org.openqa.selenium.chromium.ChromiumDriverCommandExecutor: method &amp;apos;void &amp;lt;init&amp;gt;(org.openqa.selenium.remote.service.DriverService, java.util.Map, org.openqa.selenium.remote.http.ClientConfig)&amp;apos; not found">
      <![CDATA[java.lang.NoSuchMethodError: org.openqa.selenium.chromium.ChromiumDriverCommandExecutor: method 'void <init>(org.openqa.selenium.remote.service.DriverService, java.util.Map, org.openqa.selenium.remote.http.ClientConfig)' not found
at org.openqa.selenium.edge.EdgeDriver$EdgeDriverCommandExecutor.<init>(EdgeDriver.java:83)
at org.openqa.selenium.edge.EdgeDriver.generateExecutor(EdgeDriver.java:73)
at org.openqa.selenium.edge.EdgeDriver.<init>(EdgeDriver.java:59)
at org.openqa.selenium.edge.EdgeDriver.<init>(EdgeDriver.java:55)
at org.openqa.selenium.edge.EdgeDriver.<init>(EdgeDriver.java:47)
at base.BrowserFactory.createbrowserInstance(BrowserFactory.java:42)
at base.Testbase.browserinitializationadmin(Testbase.java:20)
at execution.Admin.beforemethod(Admin.java:72)
at java.base/java.util.ArrayList.forEach(ArrayList.java:1511)
... Removed 29 stack frames]]>
    </failure>
  </testcase> <!-- @BeforeMethod beforemethod -->
  <testcase classname="execution.Admin" name="@AfterMethod aftermethod" time="0.0">
    <skipped/>
  </testcase> <!-- @AfterMethod aftermethod -->
  <testcase classname="execution.Admin" name="@AfterClass afterclass" time="0.0">
    <skipped/>
  </testcase> <!-- @AfterClass afterclass -->
  <testcase classname="execution.Admin" name="Manage_Profession_test" time="0.001">
    <skipped/>
  </testcase> <!-- Manage_Profession_test -->
  <testcase classname="execution.Admin" name="Logintest" time="0.0">
    <ignored/>
  </testcase> <!-- Logintest -->
  <testcase classname="execution.Admin" name="Add_Client_test" time="0.0">
    <ignored/>
  </testcase> <!-- Add_Client_test -->
  <testcase classname="execution.Admin" name="Logininvalidtest" time="0.0">
    <ignored/>
  </testcase> <!-- Logininvalidtest -->
</testsuite> <!-- Firefox Browser -->
