<?xml version="1.0" encoding="UTF-8"?>
<testng-results ignored="2" total="4" passed="0" failed="0" skipped="2">
  <reporter-output>
  </reporter-output>
  <suite started-at="2023-08-04T12:32:02 IST" name="Unext Professional" finished-at="2023-08-04T12:32:03 IST" duration-ms="1428">
    <groups>
    </groups>
    <test started-at="2023-08-04T12:32:02 IST" name="Chrome Test" finished-at="2023-08-04T12:32:03 IST" duration-ms="1428">
      <class name="execution.Professional">
        <test-method is-config="true" signature="beforesuite()[pri:0, instance:execution.Professional@3bd82cf5]" started-at="2023-08-04T12:32:02 IST" name="beforesuite" finished-at="2023-08-04T12:32:02 IST" duration-ms="10" status="PASS">
          <reporter-output>
          </reporter-output>
        </test-method> <!-- beforesuite -->
        <test-method is-config="true" signature="beforeclass()[pri:0, instance:execution.Professional@3bd82cf5]" started-at="2023-08-04T12:32:02 IST" name="beforeclass" finished-at="2023-08-04T12:32:02 IST" duration-ms="281" status="PASS">
          <reporter-output>
          </reporter-output>
        </test-method> <!-- beforeclass -->
        <test-method is-config="true" signature="beforemethod(java.lang.String)[pri:0, instance:execution.Professional@3bd82cf5]" started-at="2023-08-04T12:32:03 IST" name="beforemethod" finished-at="2023-08-04T12:32:03 IST" duration-ms="506" status="FAIL">
          <params>
            <param index="0">
              <value>
                <![CDATA[Chrome]]>
              </value>
            </param>
          </params>
          <exception class="java.lang.NoSuchMethodError">
            <message>
              <![CDATA[org.openqa.selenium.chromium.ChromiumDriverCommandExecutor: method 'void <init>(org.openqa.selenium.remote.service.DriverService, java.util.Map, org.openqa.selenium.remote.http.ClientConfig)' not found]]>
            </message>
            <full-stacktrace>
              <![CDATA[java.lang.NoSuchMethodError: org.openqa.selenium.chromium.ChromiumDriverCommandExecutor: method 'void <init>(org.openqa.selenium.remote.service.DriverService, java.util.Map, org.openqa.selenium.remote.http.ClientConfig)' not found
at org.openqa.selenium.chrome.ChromeDriver$ChromeDriverCommandExecutor.<init>(ChromeDriver.java:111)
at org.openqa.selenium.chrome.ChromeDriver.generateExecutor(ChromeDriver.java:101)
at org.openqa.selenium.chrome.ChromeDriver.<init>(ChromeDriver.java:87)
at org.openqa.selenium.chrome.ChromeDriver.<init>(ChromeDriver.java:82)
at org.openqa.selenium.chrome.ChromeDriver.<init>(ChromeDriver.java:71)
at base.BrowserFactory.createbrowserInstance(BrowserFactory.java:27)
at base.Testbase.browserinitializationpro(Testbase.java:47)
at execution.Professional.beforemethod(Professional.java:70)
at java.base/jdk.internal.reflect.DirectMethodHandleAccessor.invoke(DirectMethodHandleAccessor.java:104)
at java.base/java.lang.reflect.Method.invoke(Method.java:577)
at org.testng.internal.invokers.MethodInvocationHelper.invokeMethod(MethodInvocationHelper.java:139)
at org.testng.internal.invokers.MethodInvocationHelper.invokeMethodConsideringTimeout(MethodInvocationHelper.java:69)
at org.testng.internal.invokers.ConfigInvoker.invokeConfigurationMethod(ConfigInvoker.java:361)
at org.testng.internal.invokers.ConfigInvoker.invokeConfigurations(ConfigInvoker.java:296)
at org.testng.internal.invokers.TestInvoker.runConfigMethods(TestInvoker.java:823)
at org.testng.internal.invokers.TestInvoker.invokeMethod(TestInvoker.java:590)
at org.testng.internal.invokers.TestInvoker.invokeTestMethod(TestInvoker.java:221)
at org.testng.internal.invokers.MethodRunner.runInSequence(MethodRunner.java:50)
at org.testng.internal.invokers.TestInvoker$MethodInvocationAgent.invoke(TestInvoker.java:969)
at org.testng.internal.invokers.TestInvoker.invokeTestMethods(TestInvoker.java:194)
at org.testng.internal.invokers.TestMethodWorker.invokeTestMethods(TestMethodWorker.java:148)
at org.testng.internal.invokers.TestMethodWorker.run(TestMethodWorker.java:128)
at java.base/java.util.concurrent.ThreadPoolExecutor.runWorker(ThreadPoolExecutor.java:1136)
at java.base/java.util.concurrent.ThreadPoolExecutor$Worker.run(ThreadPoolExecutor.java:635)
at java.base/java.lang.Thread.run(Thread.java:833)
]]>
            </full-stacktrace>
          </exception> <!-- java.lang.NoSuchMethodError -->
          <reporter-output>
          </reporter-output>
        </test-method> <!-- beforemethod -->
        <test-method signature="Profileimageuploadtest(java.lang.String,java.lang.String)[pri:3, instance:execution.Professional@3bd82cf5]" started-at="2023-08-04T12:32:03 IST" name="Profileimageuploadtest" data-provider="ProLoginValidData" finished-at="2023-08-04T12:32:03 IST" duration-ms="0" status="SKIP">
          <params>
            <param index="0">
              <value>
                <![CDATA[gopinath@datanetiix.com]]>
              </value>
            </param>
            <param index="1">
              <value>
                <![CDATA[Test@123]]>
              </value>
            </param>
          </params>
          <exception class="java.lang.NoSuchMethodError">
            <message>
              <![CDATA[org.openqa.selenium.chromium.ChromiumDriverCommandExecutor: method 'void <init>(org.openqa.selenium.remote.service.DriverService, java.util.Map, org.openqa.selenium.remote.http.ClientConfig)' not found]]>
            </message>
            <full-stacktrace>
              <![CDATA[java.lang.NoSuchMethodError: org.openqa.selenium.chromium.ChromiumDriverCommandExecutor: method 'void <init>(org.openqa.selenium.remote.service.DriverService, java.util.Map, org.openqa.selenium.remote.http.ClientConfig)' not found
at org.openqa.selenium.chrome.ChromeDriver$ChromeDriverCommandExecutor.<init>(ChromeDriver.java:111)
at org.openqa.selenium.chrome.ChromeDriver.generateExecutor(ChromeDriver.java:101)
at org.openqa.selenium.chrome.ChromeDriver.<init>(ChromeDriver.java:87)
at org.openqa.selenium.chrome.ChromeDriver.<init>(ChromeDriver.java:82)
at org.openqa.selenium.chrome.ChromeDriver.<init>(ChromeDriver.java:71)
at base.BrowserFactory.createbrowserInstance(BrowserFactory.java:27)
at base.Testbase.browserinitializationpro(Testbase.java:47)
at execution.Professional.beforemethod(Professional.java:70)
at java.base/jdk.internal.reflect.DirectMethodHandleAccessor.invoke(DirectMethodHandleAccessor.java:104)
at java.base/java.lang.reflect.Method.invoke(Method.java:577)
at org.testng.internal.invokers.MethodInvocationHelper.invokeMethod(MethodInvocationHelper.java:139)
at org.testng.internal.invokers.MethodInvocationHelper.invokeMethodConsideringTimeout(MethodInvocationHelper.java:69)
at org.testng.internal.invokers.ConfigInvoker.invokeConfigurationMethod(ConfigInvoker.java:361)
at org.testng.internal.invokers.ConfigInvoker.invokeConfigurations(ConfigInvoker.java:296)
at org.testng.internal.invokers.TestInvoker.runConfigMethods(TestInvoker.java:823)
at org.testng.internal.invokers.TestInvoker.invokeMethod(TestInvoker.java:590)
at org.testng.internal.invokers.TestInvoker.invokeTestMethod(TestInvoker.java:221)
at org.testng.internal.invokers.MethodRunner.runInSequence(MethodRunner.java:50)
at org.testng.internal.invokers.TestInvoker$MethodInvocationAgent.invoke(TestInvoker.java:969)
at org.testng.internal.invokers.TestInvoker.invokeTestMethods(TestInvoker.java:194)
at org.testng.internal.invokers.TestMethodWorker.invokeTestMethods(TestMethodWorker.java:148)
at org.testng.internal.invokers.TestMethodWorker.run(TestMethodWorker.java:128)
at java.base/java.util.concurrent.ThreadPoolExecutor.runWorker(ThreadPoolExecutor.java:1136)
at java.base/java.util.concurrent.ThreadPoolExecutor$Worker.run(ThreadPoolExecutor.java:635)
at java.base/java.lang.Thread.run(Thread.java:833)
]]>
            </full-stacktrace>
          </exception> <!-- java.lang.NoSuchMethodError -->
          <reporter-output>
          </reporter-output>
        </test-method> <!-- Profileimageuploadtest -->
        <test-method is-config="true" signature="aftermethod()[pri:0, instance:execution.Professional@3bd82cf5]" started-at="2023-08-04T12:32:03 IST" name="aftermethod" finished-at="2023-08-04T12:32:03 IST" duration-ms="0" status="SKIP">
          <reporter-output>
          </reporter-output>
        </test-method> <!-- aftermethod -->
        <test-method is-config="true" signature="beforemethod(java.lang.String)[pri:0, instance:execution.Professional@3bd82cf5]" started-at="2023-08-04T12:32:03 IST" name="beforemethod" finished-at="2023-08-04T12:32:03 IST" duration-ms="0" status="SKIP">
          <reporter-output>
          </reporter-output>
        </test-method> <!-- beforemethod -->
        <test-method signature="Logoimageuploadtest(java.lang.String,java.lang.String)[pri:4, instance:execution.Professional@3bd82cf5]" started-at="2023-08-04T12:32:03 IST" name="Logoimageuploadtest" data-provider="ProLoginInvalidData" finished-at="2023-08-04T12:32:03 IST" duration-ms="0" status="SKIP">
          <params>
            <param index="0">
              <value>
                <![CDATA[gopinath@datanetiix.com]]>
              </value>
            </param>
            <param index="1">
              <value>
                <![CDATA[Test@123]]>
              </value>
            </param>
          </params>
          <exception class="java.lang.NoSuchMethodError">
            <message>
              <![CDATA[org.openqa.selenium.chromium.ChromiumDriverCommandExecutor: method 'void <init>(org.openqa.selenium.remote.service.DriverService, java.util.Map, org.openqa.selenium.remote.http.ClientConfig)' not found]]>
            </message>
            <full-stacktrace>
              <![CDATA[java.lang.NoSuchMethodError: org.openqa.selenium.chromium.ChromiumDriverCommandExecutor: method 'void <init>(org.openqa.selenium.remote.service.DriverService, java.util.Map, org.openqa.selenium.remote.http.ClientConfig)' not found
at org.openqa.selenium.chrome.ChromeDriver$ChromeDriverCommandExecutor.<init>(ChromeDriver.java:111)
at org.openqa.selenium.chrome.ChromeDriver.generateExecutor(ChromeDriver.java:101)
at org.openqa.selenium.chrome.ChromeDriver.<init>(ChromeDriver.java:87)
at org.openqa.selenium.chrome.ChromeDriver.<init>(ChromeDriver.java:82)
at org.openqa.selenium.chrome.ChromeDriver.<init>(ChromeDriver.java:71)
at base.BrowserFactory.createbrowserInstance(BrowserFactory.java:27)
at base.Testbase.browserinitializationpro(Testbase.java:47)
at execution.Professional.beforemethod(Professional.java:70)
at java.base/jdk.internal.reflect.DirectMethodHandleAccessor.invoke(DirectMethodHandleAccessor.java:104)
at java.base/java.lang.reflect.Method.invoke(Method.java:577)
at org.testng.internal.invokers.MethodInvocationHelper.invokeMethod(MethodInvocationHelper.java:139)
at org.testng.internal.invokers.MethodInvocationHelper.invokeMethodConsideringTimeout(MethodInvocationHelper.java:69)
at org.testng.internal.invokers.ConfigInvoker.invokeConfigurationMethod(ConfigInvoker.java:361)
at org.testng.internal.invokers.ConfigInvoker.invokeConfigurations(ConfigInvoker.java:296)
at org.testng.internal.invokers.TestInvoker.runConfigMethods(TestInvoker.java:823)
at org.testng.internal.invokers.TestInvoker.invokeMethod(TestInvoker.java:590)
at org.testng.internal.invokers.TestInvoker.invokeTestMethod(TestInvoker.java:221)
at org.testng.internal.invokers.MethodRunner.runInSequence(MethodRunner.java:50)
at org.testng.internal.invokers.TestInvoker$MethodInvocationAgent.invoke(TestInvoker.java:969)
at org.testng.internal.invokers.TestInvoker.invokeTestMethods(TestInvoker.java:194)
at org.testng.internal.invokers.TestMethodWorker.invokeTestMethods(TestMethodWorker.java:148)
at org.testng.internal.invokers.TestMethodWorker.run(TestMethodWorker.java:128)
at java.base/java.util.concurrent.ThreadPoolExecutor.runWorker(ThreadPoolExecutor.java:1136)
at java.base/java.util.concurrent.ThreadPoolExecutor$Worker.run(ThreadPoolExecutor.java:635)
at java.base/java.lang.Thread.run(Thread.java:833)
]]>
            </full-stacktrace>
          </exception> <!-- java.lang.NoSuchMethodError -->
          <reporter-output>
          </reporter-output>
        </test-method> <!-- Logoimageuploadtest -->
        <test-method is-config="true" signature="aftermethod()[pri:0, instance:execution.Professional@3bd82cf5]" started-at="2023-08-04T12:32:03 IST" name="aftermethod" finished-at="2023-08-04T12:32:03 IST" duration-ms="0" status="SKIP">
          <reporter-output>
          </reporter-output>
        </test-method> <!-- aftermethod -->
        <test-method is-config="true" signature="afterclass()[pri:0, instance:execution.Professional@3bd82cf5]" started-at="2023-08-04T12:32:03 IST" name="afterclass" finished-at="2023-08-04T12:32:03 IST" duration-ms="0" status="SKIP">
          <reporter-output>
          </reporter-output>
        </test-method> <!-- afterclass -->
        <test-method is-config="true" signature="aftersuite()[pri:0, instance:execution.Professional@3bd82cf5]" started-at="2023-08-04T12:32:03 IST" name="aftersuite" finished-at="2023-08-04T12:32:03 IST" duration-ms="0" status="SKIP">
          <reporter-output>
          </reporter-output>
        </test-method> <!-- aftersuite -->
      </class> <!-- execution.Professional -->
    </test> <!-- Chrome Test -->
  </suite> <!-- Unext Professional -->
</testng-results>
